<?xml version="1.0" encoding="UTF-8"?>
<testExecutions version="1">
    <file path="/Users/aplanet/Documents/Projects/FreemiumEcommApp/SSS/bxfreeprodv8-89856-react-native/src/packages/blocks/forgot-password/__tests__/step-definitions/forgotpassword.steps.tsx">
        <testCase name="forgotpassword User navigates to forgotpassword" duration="725"/>
        <testCase name="forgotpassword User navigates to newpassword" duration="71"/>
    </file>
    <file path="/Users/aplanet/Documents/Projects/FreemiumEcommApp/SSS/bxfreeprodv8-89856-react-native/src/packages/blocks/forgot-password/__tests__/step-definitions/forgotpassword.steps.web.tsx">
        <testCase name="forgotpassword User navigates to forgotpassword" duration="79"/>
        <testCase name="forgotpassword User navigates to newpassword" duration="15"/>
    </file>
</testExecutions>